file.bar>>fileIN>>fileIS>>0>>1538412320836
2871<<Administration Result<<2018-10-01 11:45:23.409 CDT<<HABEN\haben<<deploy<<C:/Users/haben/Documents/source/IIB/BARfiles/file.bar<<BAR<<fileIS<<ExecutionGroup<<COMPLETE
file.bar>>fileIN>>fileIS>>0>>1538412379730
2871<<Administration Result<<2018-10-01 11:46:23.198 CDT<<HABEN\haben<<deploy<<C:/Users/haben/Documents/source/IIB/BARfiles/file.bar<<BAR<<fileIS<<ExecutionGroup<<COMPLETE
MQ.bar>>MQIN>>MQIS>>0>>1538430920883
2871<<Administration Result<<2018-10-01 16:55:22.653 CDT<<HABEN\haben<<deploy<<C:/Users/haben/Documents/source/IIB/BARfiles/MQ.bar<<BAR<<MQIS<<ExecutionGroup<<COMPLETE
MQ.bar>>MQIN>>MQIS>>0>>1538431200469
2871<<Administration Result<<2018-10-01 17:00:01.660 CDT<<HABEN\haben<<deploy<<C:/Users/haben/Documents/source/IIB/BARfiles/MQ.bar<<BAR<<MQIS<<ExecutionGroup<<COMPLETE
MQ.bar>>MQIN>>MQIS>>0>>1538431912436
2871<<Administration Result<<2018-10-01 17:11:54.116 CDT<<HABEN\haben<<deploy<<C:/Users/haben/Documents/source/IIB/BARfiles/MQ.bar<<BAR<<MQIS<<ExecutionGroup<<COMPLETE
debug.bar>>MQIN>>MQIS>>0>>1538438729328
2871<<Administration Result<<2018-10-01 19:05:29.940 CDT<<HABEN\haben<<deploy<<C:/Users/haben/Documents/source/IIB/BARfiles/debug.bar<<BAR<<MQIS<<ExecutionGroup<<COMPLETE
debug.bar>>MQIN>>MQIS>>0>>1538439732476
2871<<Administration Result<<2018-10-01 19:22:14.029 CDT<<HABEN\haben<<deploy<<C:/Users/haben/Documents/source/IIB/BARfiles/debug.bar<<BAR<<MQIS<<ExecutionGroup<<COMPLETE
function&procedure.bar>>MQIN>>MQIS>>2>>1538443045315
2087<<Runtime Response<<2018-10-01 20:17:26.260 CDT<<MQIN<<3444c6a9-1a60-4b05-8462-cc3ed9d8c4f1
4041<<Runtime Response<<2018-10-01 20:17:26.260 CDT<<MQIS<<d651eb45-c09e-4de3-a98e-38b2ffec6c5b
2432<<Runtime Response<<2018-10-01 20:17:26.260 CDT<<.functionprocudderMF_Compute.CONCAT<<3.10<<fristname<<Environment, InputLocalEnvironment, OutputLocalEnvironment, InputRoot, InputBody, InputProperties, OutputRoot, InputExceptionList, OutputExceptionList, InputDestinationList, OutputDestinationList, firstname, lastname, department
2871<<Administration Result<<2018-10-01 20:17:26.260 CDT<<HABEN\haben<<deploy<<C:/Users/haben/Documents/source/IIB/BARfiles/function&procedure.bar<<BAR<<MQIS<<ExecutionGroup<<FAILED
function&procedureAPP>>MQIN>>MQIS>>2>>1538443082125
2087<<Runtime Response<<2018-10-01 20:18:02.668 CDT<<MQIN<<3444c6a9-1a60-4b05-8462-cc3ed9d8c4f1
4041<<Runtime Response<<2018-10-01 20:18:02.668 CDT<<MQIS<<d651eb45-c09e-4de3-a98e-38b2ffec6c5b
2432<<Runtime Response<<2018-10-01 20:18:02.668 CDT<<.functionprocudderMF_Compute.CONCAT<<3.10<<fristname<<Environment, InputLocalEnvironment, OutputLocalEnvironment, InputRoot, InputBody, InputProperties, OutputRoot, InputExceptionList, OutputExceptionList, InputDestinationList, OutputDestinationList, firstname, lastname, department
2871<<Administration Result<<2018-10-01 20:18:02.668 CDT<<HABEN\haben<<deploy<<C:/Users/haben/Documents/source/IIB/GeneratedBarFiles/function&procedureAPPproject.generated.bar<<BAR<<MQIS<<ExecutionGroup<<FAILED
function&procedureAPP>>functionIN>>functionIS>>2>>1538443482812
2087<<Runtime Response<<2018-10-01 20:24:44.486 CDT<<functionIN<<138a8f3e-f625-441d-9f94-49dcedf0c991
4041<<Runtime Response<<2018-10-01 20:24:44.486 CDT<<functionIS<<715f2572-de5f-47e3-9d75-bf0318bcae91
2432<<Runtime Response<<2018-10-01 20:24:44.486 CDT<<.functionprocudderMF_Compute.CONCAT<<3.10<<fristname<<Environment, InputLocalEnvironment, OutputLocalEnvironment, InputRoot, InputBody, InputProperties, OutputRoot, InputExceptionList, OutputExceptionList, InputDestinationList, OutputDestinationList, firstname, lastname, department
2871<<Administration Result<<2018-10-01 20:24:44.486 CDT<<HABEN\haben<<deploy<<C:/Users/haben/Documents/source/IIB/GeneratedBarFiles/function&procedureAPPproject.generated.bar<<BAR<<functionIS<<ExecutionGroup<<FAILED
function&procedureAPP>>functionIN>>functionIS>>2>>1538443576583
2087<<Runtime Response<<2018-10-01 20:26:17.813 CDT<<functionIN<<138a8f3e-f625-441d-9f94-49dcedf0c991
4041<<Runtime Response<<2018-10-01 20:26:17.813 CDT<<functionIS<<715f2572-de5f-47e3-9d75-bf0318bcae91
2432<<Runtime Response<<2018-10-01 20:26:17.813 CDT<<.functionprocudderMF_Compute.CONCAT<<3.10<<fristname<<Environment, InputLocalEnvironment, OutputLocalEnvironment, InputRoot, InputBody, InputProperties, OutputRoot, InputExceptionList, OutputExceptionList, InputDestinationList, OutputDestinationList, firstname, lastname, department
2871<<Administration Result<<2018-10-01 20:26:17.813 CDT<<HABEN\haben<<deploy<<C:/Users/haben/Documents/source/IIB/GeneratedBarFiles/function&procedureAPPproject.generated.bar<<BAR<<functionIS<<ExecutionGroup<<FAILED
function&procedure.bar>>functionIN>>IS1>>2>>1538443653999
2087<<Runtime Response<<2018-10-01 20:27:34.714 CDT<<functionIN<<138a8f3e-f625-441d-9f94-49dcedf0c991
4041<<Runtime Response<<2018-10-01 20:27:34.714 CDT<<IS1<<48f2d36a-39b6-47cd-ac5e-635742ec7a69
2432<<Runtime Response<<2018-10-01 20:27:34.714 CDT<<.functionprocudderMF_Compute.CONCAT<<3.10<<fristname<<Environment, InputLocalEnvironment, OutputLocalEnvironment, InputRoot, InputBody, InputProperties, OutputRoot, InputExceptionList, OutputExceptionList, InputDestinationList, OutputDestinationList, firstname, lastname, department
2871<<Administration Result<<2018-10-01 20:27:34.714 CDT<<HABEN\haben<<deploy<<C:/Users/haben/Documents/source/IIB/BARfiles/function&procedure.bar<<BAR<<IS1<<ExecutionGroup<<FAILED
function&procedure.bar>>functionIN>>functionIS>>0>>1538443708752
2871<<Administration Result<<2018-10-01 20:28:29.417 CDT<<HABEN\haben<<deploy<<C:/Users/haben/Documents/source/IIB/BARfiles/function&procedure.bar<<BAR<<functionIS<<ExecutionGroup<<COMPLETE
fileAPP>>fileIN>>fileIS>>0>>1538498183368
2871<<Administration Result<<2018-10-02 11:36:28.746 CDT<<HABEN\haben<<deploy<<C:/Users/haben/Documents/source/IIB/GeneratedBarFiles/fileAPPproject.generated.bar<<BAR<<fileIS<<ExecutionGroup<<COMPLETE
file.bar>>fileIN>>fileIS>>0>>1538498313574
2871<<Administration Result<<2018-10-02 11:38:36.035 CDT<<HABEN\haben<<deploy<<C:/Users/haben/Documents/source/IIB/BARfiles/file.bar<<BAR<<fileIS<<ExecutionGroup<<COMPLETE
file.bar>>fileIN>>fileIS>>0>>1538498365883
2871<<Administration Result<<2018-10-02 11:39:28.099 CDT<<HABEN\haben<<deploy<<C:/Users/haben/Documents/source/IIB/BARfiles/file.bar<<BAR<<fileIS<<ExecutionGroup<<COMPLETE
MQAPP>>MQIN>>MQIS>>0>>1538499071937
2871<<Administration Result<<2018-10-02 11:51:13.402 CDT<<HABEN\haben<<deploy<<C:/Users/haben/Documents/source/IIB/GeneratedBarFiles/MQAPPproject.generated.bar<<BAR<<MQIS<<ExecutionGroup<<COMPLETE
MQ.bar>>MQIN>>MQIS>>0>>1538499168282
2871<<Administration Result<<2018-10-02 11:52:48.792 CDT<<HABEN\haben<<deploy<<C:/Users/haben/Documents/source/IIB/BARfiles/MQ.bar<<BAR<<MQIS<<ExecutionGroup<<COMPLETE
MQ.bar>>MQIN>>MQIS>>0>>1538499347501
2871<<Administration Result<<2018-10-02 11:55:47.834 CDT<<HABEN\haben<<deploy<<C:/Users/haben/Documents/source/IIB/BARfiles/MQ.bar<<BAR<<MQIS<<ExecutionGroup<<COMPLETE
MQ.bar>>MQIN>>MQIS>>0>>1538500011689
2871<<Administration Result<<2018-10-02 12:06:53.626 CDT<<HABEN\haben<<deploy<<C:/Users/haben/Documents/source/IIB/BARfiles/MQ.bar<<BAR<<MQIS<<ExecutionGroup<<COMPLETE
MQ.bar>>MQIN>>MQIS>>0>>1538500163774
2871<<Administration Result<<2018-10-02 12:09:24.653 CDT<<HABEN\haben<<deploy<<C:/Users/haben/Documents/source/IIB/BARfiles/MQ.bar<<BAR<<MQIS<<ExecutionGroup<<COMPLETE
MQ.bar>>MQIN>>MQIS>>0>>1538500334150
2871<<Administration Result<<2018-10-02 12:12:15.745 CDT<<HABEN\haben<<deploy<<C:/Users/haben/Documents/source/IIB/BARfiles/MQ.bar<<BAR<<MQIS<<ExecutionGroup<<COMPLETE
